<?xml version="1.0" encoding="UTF-8"?>
<!-- Generated by org.testng.reporters.JUnitReportReporter -->
<testsuite skipped="0" hostname="88LB0Z2" name="api_automation.runner.TestRunner" tests="1" failures="0" timestamp="09 Sep 2021 09:13:19 GMT" time="9.614" errors="0">
  <testcase name="feature" time="9.614" classname="api_automation.runner.TestRunner"/>
</testsuite> <!-- api_automation.runner.TestRunner -->
