<?xml version="1.0" encoding="UTF-8"?>
<!-- Generated by org.testng.reporters.JUnitReportReporter -->
<testsuite skipped="0" hostname="88LB0Z2" name="api_automation.runner.TestRunner" tests="1" failures="0" timestamp="08 Sep 2021 14:29:25 GMT" time="7.596" errors="0">
  <testcase name="feature" time="7.596" classname="api_automation.runner.TestRunner"/>
</testsuite> <!-- api_automation.runner.TestRunner -->
